[2016-03-03 10:04:02] START
[2016-03-28 22:25:36] EDIT images/views/default/listed.html: 1
[2016-03-28 22:26:07] EDIT images/views/default/listed.html: 0
[2016-03-28 22:28:02] EDIT images/views/default/listed.html: 0
[2016-03-28 22:28:36] EDIT images/views/default/listed.html: 0
[2016-03-28 22:28:56] EDIT images/views/default/listed.html: 0
[2016-03-28 22:28:57] EDIT images/views/default/listed.html: 0
[2016-03-28 22:28:57] EDIT images/views/default/listed.html: 0
[2016-03-28 22:28:58] EDIT images/views/default/listed.html: 0
[2016-03-28 22:29:23] EDIT images/views/default/listed.html: 0
[2016-03-28 22:29:23] EDIT images/views/default/listed.html: 0
[2016-03-28 22:29:23] EDIT images/views/default/listed.html: 0
[2016-03-28 22:32:22] EDIT images/views/default/listed.html: 0
[2016-03-28 22:32:23] EDIT images/views/default/listed.html: 0
[2016-03-28 22:33:17] EDIT images/views/default/listed.html: 0
[2016-03-28 22:35:41] EDIT images/controllers/default.py: 2
[2016-03-28 22:37:07] EDIT images/views/default/upload.html: 0
[2016-03-28 22:37:07] EDIT images/views/default/upload.html: 0
[2016-03-28 22:38:49] EDIT images/controllers/default.py: 0
[2016-03-28 22:39:05] EDIT images/controllers/default.py: 0
[2016-03-28 22:39:17] EDIT images/controllers/default.py: 0
[2016-03-28 22:40:23] EDIT images/controllers/default.py: 0
[2016-03-28 22:40:23] EDIT images/controllers/default.py: 0
[2016-03-28 22:49:00] EDIT images/views/default/index.html: 0
[2016-03-28 22:52:11] EDIT images/views/default/index.html: 1
[2016-03-28 22:52:35] EDIT images/views/default/index.html: -1
[2016-03-28 22:52:35] EDIT images/views/default/index.html: 0
[2016-03-28 22:52:35] EDIT images/views/default/index.html: 0
[2016-03-28 22:53:04] EDIT images/views/default/index.html: 0
[2016-03-28 22:53:04] EDIT images/views/default/index.html: 0
[2016-03-28 22:53:05] EDIT images/views/default/index.html: 0
[2016-03-28 22:53:49] EDIT images/views/default/index.html: 0
[2016-03-28 22:53:59] EDIT images/views/default/index.html: 0
[2016-03-28 22:54:43] EDIT images/views/default/index.html: 0
[2016-03-28 22:54:43] EDIT images/views/default/index.html: 0
[2016-03-28 22:55:10] EDIT images/views/default/index.html: 0
[2016-03-28 22:55:11] EDIT images/views/default/index.html: 0
[2016-03-28 22:55:11] EDIT images/views/default/index.html: 0
[2016-03-28 22:56:00] EDIT images/views/default/index.html: 0
[2016-03-28 22:56:01] EDIT images/views/default/index.html: 0
[2016-03-28 22:57:33] EDIT images/views/default/index.html: 2
[2016-03-28 22:57:34] EDIT images/views/default/index.html: 0
[2016-03-28 22:58:21] EDIT images/views/default/index.html: 0
[2016-03-28 22:58:22] EDIT images/views/default/index.html: 0
[2016-03-28 22:59:01] EDIT images/views/default/index.html: 0
[2016-03-28 22:59:01] EDIT images/views/default/index.html: 0
[2016-03-28 22:59:46] EDIT images/views/default/index.html: 0
[2016-03-28 23:00:55] EDIT images/views/default/index.html: 1
[2016-03-28 23:03:15] EDIT images/views/default/index.html: -3
[2016-03-28 23:03:15] EDIT images/views/default/index.html: 0
[2016-03-28 23:03:16] EDIT images/views/default/index.html: 0
[2016-03-28 23:04:06] EDIT images/views/default/index.html: 0
[2016-03-28 23:04:06] EDIT images/views/default/index.html: 0
[2016-03-28 23:05:23] EDIT images/views/default/index.html: 0
[2016-03-28 23:05:57] EDIT images/views/default/index.html: 0
[2016-03-28 23:05:58] EDIT images/views/default/index.html: 0
[2016-03-28 23:05:58] EDIT images/views/default/index.html: 0
[2016-03-28 23:06:15] EDIT images/views/default/index.html: 0
[2016-03-28 23:07:39] EDIT images/views/default/index.html: 1
[2016-03-28 23:08:07] EDIT images/views/default/index.html: 0
[2016-03-28 23:08:26] EDIT images/views/default/index.html: 0
[2016-03-28 23:08:26] EDIT images/views/default/index.html: 0
[2016-03-28 23:08:46] EDIT images/views/default/index.html: 0
[2016-03-28 23:21:40] EDIT images/views/default/index.html: -4
[2016-03-28 23:21:41] EDIT images/views/default/index.html: 0
[2016-03-28 23:21:41] EDIT images/views/default/index.html: 0
[2016-03-28 23:22:24] EDIT images/views/default/index.html: 2
[2016-03-28 23:22:24] EDIT images/views/default/index.html: 0
[2016-03-28 23:24:49] EDIT images/views/default/index.html: 0
[2016-03-28 23:24:50] EDIT images/views/default/index.html: 0
[2016-03-28 23:24:50] EDIT images/views/default/index.html: 0
[2016-03-28 23:26:49] EDIT images/views/default/index.html: 0
[2016-03-28 23:26:49] EDIT images/views/default/index.html: 0
[2016-03-28 23:26:50] EDIT images/views/default/index.html: 0
[2016-03-28 23:27:00] EDIT images/views/default/index.html: 0
[2016-03-28 23:27:00] EDIT images/views/default/index.html: 0
[2016-03-28 23:28:11] EDIT images/views/default/index.html: 0
[2016-03-28 23:28:11] EDIT images/views/default/index.html: 0
[2016-03-28 23:28:35] EDIT images/views/default/index.html: 0
[2016-03-28 23:28:35] EDIT images/views/default/index.html: 0
[2016-03-28 23:30:10] EDIT images/views/default/index.html: 0
[2016-03-28 23:30:10] EDIT images/views/default/index.html: 0
[2016-03-28 23:31:02] EDIT images/views/default/index.html: 0
[2016-03-28 23:31:02] EDIT images/views/default/index.html: 0
[2016-03-28 23:31:28] EDIT images/views/default/index.html: 0
[2016-03-28 23:31:28] EDIT images/views/default/index.html: 0
[2016-03-28 23:31:46] EDIT images/views/default/index.html: 0
[2016-03-28 23:31:46] EDIT images/views/default/index.html: 0
[2016-03-28 23:32:03] EDIT images/views/default/index.html: 0
[2016-03-28 23:32:03] EDIT images/views/default/index.html: 0
[2016-03-28 23:32:03] EDIT images/views/default/index.html: 0
[2016-03-28 23:32:19] EDIT images/views/default/index.html: 0
[2016-03-28 23:32:24] EDIT images/views/default/index.html: 0
[2016-03-28 23:32:24] EDIT images/views/default/index.html: 0
[2016-03-28 23:32:42] EDIT images/views/default/index.html: 0
[2016-03-28 23:32:42] EDIT images/views/default/index.html: 0
[2016-03-28 23:33:03] EDIT images/views/default/index.html: 0
[2016-03-28 23:33:03] EDIT images/views/default/index.html: 0
[2016-03-28 23:33:03] EDIT images/views/default/index.html: 0
[2016-03-28 23:33:48] EDIT images/views/default/index.html: 0
[2016-03-28 23:33:49] EDIT images/views/default/index.html: 0
[2016-03-28 23:34:16] EDIT images/views/default/index.html: 0
[2016-03-28 23:39:54] EDIT images/views/default/index.html: 0
[2016-03-28 23:44:10] EDIT images/views/default/index.html: -2
[2016-03-28 23:44:10] EDIT images/views/default/index.html: 0
[2016-03-28 23:44:11] EDIT images/views/default/index.html: 0
[2016-03-28 23:45:51] EDIT images/controllers/default.py: 0
[2016-03-28 23:45:51] EDIT images/controllers/default.py: 0
[2016-03-28 23:45:51] EDIT images/controllers/default.py: 0
[2016-03-28 23:46:10] EDIT images/controllers/default.py: 0
[2016-03-28 23:46:10] EDIT images/controllers/default.py: 0
[2016-03-28 23:46:54] EDIT images/views/default/index.html: 1
[2016-03-28 23:46:54] EDIT images/views/default/index.html: 0
[2016-03-28 23:47:27] EDIT images/views/default/index.html: 0
[2016-03-28 23:47:28] EDIT images/views/default/index.html: 0
[2016-03-28 23:47:28] EDIT images/views/default/index.html: 0
[2016-03-28 23:47:40] EDIT images/views/default/index.html: 0
[2016-03-28 23:47:40] EDIT images/views/default/index.html: 0
[2016-03-28 23:48:09] EDIT images/views/default/index.html: 0
[2016-03-28 23:48:09] EDIT images/views/default/index.html: 0
[2016-03-28 23:48:24] EDIT images/views/default/index.html: 0
[2016-03-28 23:48:25] EDIT images/views/default/index.html: 0
[2016-03-28 23:48:38] EDIT images/views/default/index.html: 0
[2016-03-28 23:48:38] EDIT images/views/default/index.html: 0
[2016-03-28 23:48:38] EDIT images/views/default/index.html: 0
[2016-03-28 23:49:19] EDIT images/views/default/index.html: 0
[2016-03-28 23:49:19] EDIT images/views/default/index.html: 0
[2016-03-28 23:49:19] EDIT images/views/default/index.html: 0
[2016-03-28 23:49:40] EDIT images/views/default/index.html: 0
[2016-03-28 23:49:40] EDIT images/views/default/index.html: 0
[2016-03-28 23:50:14] EDIT images/views/default/index.html: 0
[2016-03-28 23:50:14] EDIT images/views/default/index.html: 0
[2016-03-28 23:50:14] EDIT images/views/default/index.html: 0
[2016-03-28 23:50:29] EDIT images/views/default/index.html: 0
[2016-03-28 23:50:29] EDIT images/views/default/index.html: 0
[2016-03-28 23:51:05] EDIT images/views/default/index.html: 0
[2016-03-28 23:51:06] EDIT images/views/default/index.html: 0
[2016-03-28 23:51:29] EDIT images/views/default/index.html: 0
[2016-03-28 23:51:29] EDIT images/views/default/index.html: 0
[2016-03-28 23:53:03] EDIT images/views/default/index.html: 0
[2016-03-28 23:53:04] EDIT images/views/default/index.html: 0
[2016-03-28 23:53:21] EDIT images/views/default/index.html: 0
[2016-03-28 23:56:44] EDIT images/views/default/index.html: 0
[2016-03-28 23:56:45] EDIT images/views/default/index.html: 0
[2016-03-28 23:56:58] EDIT images/views/default/index.html: 0
[2016-03-28 23:56:59] EDIT images/views/default/index.html: 0
[2016-03-28 23:57:39] EDIT images/views/default/index.html: 1
[2016-03-28 23:57:48] EDIT images/views/default/index.html: -1
[2016-03-28 23:57:48] EDIT images/views/default/index.html: 0
[2016-03-28 23:58:18] EDIT images/views/default/index.html: 0
[2016-03-28 23:58:42] EDIT images/views/default/index.html: 0
[2016-03-28 23:58:42] EDIT images/views/default/index.html: 0
[2016-03-28 23:59:15] EDIT images/views/default/index.html: 0
[2016-03-28 23:59:58] EDIT images/views/default/index.html: 0
[2016-03-28 23:59:58] EDIT images/views/default/index.html: 0
[2016-03-29 00:02:30] EDIT images/views/default/index.html: 0
[2016-03-29 00:02:31] EDIT images/views/default/index.html: 0
[2016-03-29 00:02:42] EDIT images/views/default/index.html: 0
[2016-03-29 00:03:19] EDIT images/views/default/index.html: 0
[2016-03-29 00:03:20] EDIT images/views/default/index.html: 0
[2016-03-29 00:03:29] EDIT images/views/default/index.html: 0
[2016-03-29 00:03:29] EDIT images/views/default/index.html: 0
[2016-03-29 01:16:35] EDIT images/controllers/default.py: 0
[2016-03-29 01:18:47] EDIT images/controllers/default.py: 0
[2016-03-29 01:19:21] EDIT images/controllers/default.py: 0
[2016-03-29 01:19:35] EDIT images/controllers/default.py: 0
[2016-03-29 01:19:35] EDIT images/controllers/default.py: 0
[2016-03-29 01:20:54] EDIT images/controllers/default.py: 0
[2016-03-29 01:20:54] EDIT images/controllers/default.py: 0
[2016-03-29 01:20:54] EDIT images/controllers/default.py: 0
[2016-03-29 01:31:41] EDIT images/models/db.py: 0
[2016-03-29 01:31:41] EDIT images/models/db.py: 0
[2016-03-29 01:31:55] EDIT images/models/db.py: 0
[2016-03-29 01:31:56] EDIT images/models/db.py: 0
[2016-03-29 01:31:56] EDIT images/models/db.py: 0
[2016-03-29 01:35:21] EDIT images/models/db.py: 0
[2016-03-29 01:35:21] EDIT images/models/db.py: 0
[2016-03-29 01:37:22] EDIT images/controllers/default.py: 0
[2016-03-29 01:38:03] EDIT images/views/default/index.html: 0
[2016-03-29 01:38:24] EDIT images/models/db.py: 0
[2016-03-29 01:38:31] EDIT images/models/db.py: 0
[2016-03-29 01:40:16] EDIT images/controllers/default.py: 0
[2016-03-29 01:40:27] EDIT images/models/db.py: 0
[2016-03-29 01:40:43] EDIT images/models/db.py: 0
[2016-03-29 01:41:01] EDIT images/views/default/index.html: 0
[2016-03-29 01:41:12] EDIT images/views/default/index.html: 0
[2016-03-29 01:42:01] EDIT images/controllers/default.py: 0
[2016-03-29 01:42:36] EDIT images/models/db.py: 0
[2016-03-29 01:42:38] EDIT images/models/db.py: 0
[2016-03-29 01:42:40] EDIT images/models/db.py: 0
[2016-03-29 01:43:17] EDIT images/models/db.py: 0
[2016-03-29 01:44:06] EDIT images/views/default/index.html: 0
[2016-03-29 01:44:31] EDIT images/models/db.py: 0
[2016-03-29 01:44:54] EDIT images/models/db.py: 0
[2016-03-29 01:45:16] EDIT images/models/db.py: 0
[2016-03-29 01:45:28] EDIT images/models/db.py: 0
[2016-03-29 01:45:45] EDIT images/models/db.py: 0
[2016-03-29 01:45:59] EDIT images/models/db.py: 0
[2016-03-29 01:46:40] EDIT images/models/db.py: 0
[2016-03-29 01:47:33] EDIT images/controllers/default.py: 0
[2016-03-29 01:47:39] EDIT images/controllers/default.py: 0
[2016-03-29 01:47:47] EDIT images/controllers/default.py: 0
[2016-03-29 01:49:14] EDIT images/views/default/recipes.html: 0
[2016-03-29 01:50:16] EDIT images/models/db.py: 0
[2016-03-29 01:50:20] EDIT images/views/default/recipes.html: 0
[2016-03-29 01:51:34] EDIT images/views/default/show.html: 0
[2016-03-29 01:53:04] EDIT images/models/db.py: 0
[2016-03-29 01:53:27] EDIT images/views/default/show.html: 0
[2016-03-29 01:53:45] EDIT images/views/default/show.html: 0
[2016-03-29 01:54:14] EDIT images/views/default/show.html: 0
[2016-03-29 01:54:18] EDIT images/models/db.py: 0
[2016-03-29 01:54:28] EDIT images/models/db.py: 0
[2016-03-29 01:54:34] EDIT images/views/default/show.html: 0
[2016-03-29 01:55:01] EDIT images/models/db.py: 0
[2016-03-29 01:58:42] EDIT images/models/db.py: -2
[2016-03-29 01:58:52] EDIT images/models/db.py: 0
[2016-03-29 01:59:02] EDIT images/models/db.py: 0
[2016-03-29 02:01:23] EDIT images/models/db.py: -1
[2016-03-29 02:01:45] EDIT images/models/db.py: -2
[2016-03-29 02:02:18] EDIT images/models/db.py: 0
[2016-03-29 02:02:32] EDIT images/models/db.py: 0
[2016-03-29 02:03:06] EDIT images/models/db.py: 0
[2016-03-29 02:06:20] EDIT images/views/default/index.html: 0
[2016-03-29 02:06:20] EDIT images/views/default/index.html: 0
[2016-03-29 02:06:20] EDIT images/views/default/index.html: 0
[2016-03-29 02:07:29] EDIT images/views/default/index.html: 0
[2016-03-29 02:07:30] EDIT images/views/default/index.html: 0
[2016-03-29 02:09:10] EDIT images/models/db.py: 0
[2016-03-29 02:09:10] EDIT images/models/db.py: 0
[2016-03-29 02:09:25] EDIT images/models/db.py: 0
[2016-03-29 02:09:25] EDIT images/models/db.py: 0
[2016-03-29 02:09:37] EDIT images/models/db.py: 0
[2016-03-29 02:09:37] EDIT images/models/db.py: 0
[2016-03-29 02:10:41] EDIT images/models/db.py: 0
[2016-03-29 02:10:42] EDIT images/models/db.py: 0
[2016-03-29 02:11:28] EDIT images/models/db.py: 0
[2016-03-29 02:11:28] EDIT images/models/db.py: 0
[2016-03-29 02:11:40] EDIT images/models/db.py: 0
[2016-03-29 02:11:40] EDIT images/models/db.py: 0
[2016-03-29 02:11:40] EDIT images/models/db.py: 0
[2016-03-29 02:12:34] EDIT images/models/db.py: 0
[2016-03-29 02:12:34] EDIT images/models/db.py: 0
[2016-03-29 02:15:53] EDIT images/controllers/default.py: 0
[2016-03-29 02:15:53] EDIT images/controllers/default.py: 0
[2016-03-29 02:16:33] EDIT images/controllers/default.py: 0
[2016-03-29 02:16:33] EDIT images/controllers/default.py: 0
[2016-03-29 02:17:41] EDIT images/models/db.py: 0
[2016-03-29 02:17:41] EDIT images/models/db.py: 0
[2016-03-29 02:18:06] EDIT images/models/db.py: 0
[2016-03-29 02:18:06] EDIT images/models/db.py: 0
[2016-03-29 02:19:34] EDIT images/models/db.py: 0
[2016-03-29 02:19:34] EDIT images/models/db.py: 0
[2016-03-29 02:20:04] EDIT images/models/db.py: 0
[2016-03-29 02:20:04] EDIT images/models/db.py: 0
[2016-03-29 02:20:04] EDIT images/models/db.py: 0
[2016-03-29 02:20:43] EDIT images/models/db.py: 0
[2016-03-29 02:20:43] EDIT images/models/db.py: 0
[2016-03-29 02:20:55] EDIT images/models/db.py: 0
[2016-03-29 02:20:55] EDIT images/models/db.py: 0
[2016-03-29 02:21:47] EDIT images/models/db.py: 0
[2016-03-29 02:21:47] EDIT images/models/db.py: 0
[2016-03-29 02:21:47] EDIT images/models/db.py: 0
[2016-03-29 02:21:58] EDIT images/models/db.py: 0
[2016-03-29 02:21:58] EDIT images/models/db.py: 0
[2016-03-29 02:22:15] EDIT images/models/db.py: 0
[2016-03-29 02:22:15] EDIT images/models/db.py: 0
[2016-03-29 02:22:16] EDIT images/models/db.py: 0
[2016-03-29 02:22:34] EDIT images/models/db.py: 0
[2016-03-29 02:22:34] EDIT images/models/db.py: 0
[2016-03-29 02:22:48] EDIT images/models/db.py: 0
[2016-03-29 02:22:48] EDIT images/models/db.py: 0
[2016-03-29 02:22:49] EDIT images/models/db.py: 0
[2016-03-29 02:23:29] EDIT images/models/db.py: 0
[2016-03-29 02:23:43] EDIT images/views/default/index.html: 0
[2016-03-29 02:23:43] EDIT images/views/default/index.html: 0
[2016-03-29 02:24:40] EDIT images/models/db.py: 0
[2016-03-29 02:24:40] EDIT images/models/db.py: 0
[2016-03-29 02:25:14] EDIT images/models/db.py: 0
[2016-03-29 02:25:23] EDIT images/models/db.py: 0
[2016-03-29 02:25:23] EDIT images/models/db.py: 0
[2016-03-29 02:25:23] EDIT images/models/db.py: 0
[2016-03-29 02:26:26] EDIT images/models/db.py: 0
[2016-03-29 02:26:39] EDIT images/models/db.py: 0
[2016-03-29 02:26:56] EDIT images/models/db.py: 0
[2016-03-29 02:27:37] EDIT images/models/db.py: 0
[2016-03-29 02:27:37] EDIT images/models/db.py: 0
[2016-03-29 02:29:59] EDIT images/views/default/index.html: 0
[2016-03-29 02:29:59] EDIT images/views/default/index.html: 0
[2016-03-29 02:30:24] EDIT images/models/db.py: 0
[2016-03-29 02:30:24] EDIT images/models/db.py: 0
[2016-03-29 02:32:39] EDIT images/models/db.py: 0
[2016-03-29 02:32:39] EDIT images/models/db.py: 0
[2016-03-29 02:33:53] EDIT images/views/default/index.html: 0
[2016-03-29 02:33:53] EDIT images/views/default/index.html: 0
[2016-03-29 02:33:54] EDIT images/views/default/index.html: 0
[2016-03-29 02:34:08] EDIT images/views/default/index.html: 0
[2016-03-29 02:34:17] EDIT images/views/default/index.html: 0
[2016-03-29 02:34:17] EDIT images/views/default/index.html: 0
[2016-03-29 02:38:03] EDIT images/controllers/default.py: 0
[2016-03-29 02:38:04] EDIT images/controllers/default.py: 0
[2016-03-29 02:41:23] EDIT images/models/db.py: 0
[2016-03-29 02:42:48] EDIT images/models/db.py: 0
[2016-03-29 02:43:41] EDIT images/views/default/index.html: 0
[2016-03-29 02:44:26] EDIT images/views/default/index.html: 0
[2016-03-29 02:44:42] EDIT images/views/default/index.html: 0
[2016-03-29 02:45:37] EDIT images/models/db.py: 0
[2016-03-29 02:46:24] EDIT images/models/db.py: 0
[2016-03-29 02:46:26] EDIT images/models/db.py: 0
[2016-03-29 02:46:58] EDIT images/models/db.py: 0
[2016-03-29 02:46:59] EDIT images/models/db.py: 0
[2016-03-29 02:46:59] EDIT images/models/db.py: 0
[2016-03-29 02:47:21] EDIT images/views/default/index.html: 0
[2016-03-29 02:47:21] EDIT images/views/default/index.html: 0
[2016-03-29 02:47:34] EDIT images/views/default/index.html: 0
[2016-03-29 02:47:35] EDIT images/views/default/index.html: 0
[2016-03-29 02:47:35] EDIT images/views/default/index.html: 0
[2016-03-29 02:50:11] EDIT images/models/db.py: 0
[2016-03-29 08:57:54] EDIT images/models/db.py: 0
[2016-03-29 09:12:08] EDIT images/controllers/default.py: 0
[2016-03-29 09:18:43] EDIT images/views/default/recipes.html: -3
[2016-03-29 09:18:43] EDIT images/views/default/recipes.html: 0
[2016-03-29 09:18:53] EDIT images/views/default/recipes.html: 0
[2016-03-29 09:20:04] EDIT images/views/default/recipes.html: 0
[2016-03-29 09:20:04] EDIT images/views/default/recipes.html: 0
[2016-03-29 09:21:07] EDIT images/views/default/recipes.html: 0
[2016-03-29 09:21:07] EDIT images/views/default/recipes.html: 0
[2016-03-29 09:21:07] EDIT images/views/default/recipes.html: 0
[2016-03-29 09:24:40] EDIT images/views/default/recipes.html: 0
[2016-03-29 09:24:46] EDIT images/views/default/recipes.html: 0
[2016-03-29 09:24:46] EDIT images/views/default/recipes.html: 0
[2016-03-29 09:24:46] EDIT images/views/default/recipes.html: 0
[2016-03-29 09:25:21] EDIT images/views/default/recipes.html: 0
[2016-03-29 09:25:21] EDIT images/views/default/recipes.html: 0
[2016-03-29 09:27:46] EDIT images/controllers/default.py: 0
[2016-03-29 09:28:27] EDIT images/controllers/default.py: 0
[2016-03-29 09:30:06] EDIT images/views/default/recipes.html: 3
[2016-03-29 09:30:07] EDIT images/views/default/recipes.html: 0
[2016-03-29 09:32:03] EDIT images/controllers/default.py: 6
[2016-03-29 09:32:03] EDIT images/controllers/default.py: 0
[2016-03-29 09:32:15] EDIT images/controllers/default.py: 0
[2016-03-29 09:32:36] EDIT images/controllers/default.py: 0
[2016-03-29 09:32:43] EDIT images/controllers/default.py: 0
[2016-03-29 09:33:00] EDIT images/controllers/default.py: 0
[2016-03-29 09:33:08] EDIT images/controllers/default.py: 0
[2016-03-29 09:33:15] EDIT images/controllers/default.py: 0
[2016-03-29 09:33:21] EDIT images/controllers/default.py: 0
[2016-03-29 09:33:28] EDIT images/controllers/default.py: 0
[2016-03-29 09:34:01] EDIT images/views/default/recipes.html: 1
[2016-03-29 09:34:01] EDIT images/views/default/recipes.html: 0
[2016-03-29 09:34:01] EDIT images/views/default/recipes.html: 0
[2016-03-29 09:34:33] EDIT images/views/default/recipes.html: 0
[2016-03-29 09:35:02] EDIT images/views/default/recipes.html: 0
[2016-03-29 09:35:32] EDIT images/views/default/recipes.html: -1
[2016-03-29 09:35:50] EDIT images/controllers/default.py: 1
[2016-03-29 09:35:50] EDIT images/controllers/default.py: 0
[2016-03-29 09:36:11] EDIT images/views/default/recipes.html: 0
[2016-03-29 09:36:12] EDIT images/views/default/recipes.html: 0
[2016-03-29 09:36:12] EDIT images/views/default/recipes.html: 0
[2016-03-29 09:37:20] EDIT images/views/default/recipes.html: 1
[2016-03-29 09:37:26] EDIT images/views/default/recipes.html: -1
[2016-03-29 09:37:26] EDIT images/views/default/recipes.html: 0
[2016-03-29 09:38:08] EDIT images/controllers/default.py: 0
[2016-03-29 09:38:08] EDIT images/controllers/default.py: 0
[2016-03-29 09:38:09] EDIT images/controllers/default.py: 0
[2016-03-29 09:39:33] EDIT images/views/default/recipes.html: 0
[2016-03-29 09:41:09] EDIT images/views/default/index.html: -1
[2016-03-29 09:41:09] EDIT images/views/default/index.html: 0
[2016-03-29 09:41:47] EDIT images/views/default/recipes.html: -2
[2016-03-29 09:42:08] EDIT images/views/default/recipes.html: 1
[2016-03-29 09:42:44] EDIT images/views/default/recipes.html: 1
[2016-03-29 09:42:55] EDIT images/views/default/recipes.html: 0
[2016-03-29 09:43:51] EDIT images/views/default/recipes.html: 1
[2016-03-29 09:43:51] EDIT images/views/default/recipes.html: 0
[2016-03-29 09:45:04] EDIT images/views/default/recipes.html: 0
[2016-03-29 09:45:27] EDIT images/views/default/recipes.html: -1
[2016-03-29 09:45:27] EDIT images/views/default/recipes.html: 0
[2016-03-29 09:45:42] EDIT images/controllers/default.py: 0
[2016-03-29 09:49:24] EDIT images/views/default/recipes.html: 6
[2016-03-29 09:49:47] EDIT images/controllers/default.py: 0
[2016-03-29 09:50:34] EDIT images/views/default/recipes.html: 0
[2016-03-29 09:51:14] EDIT images/views/default/recipes.html: -1
[2016-03-29 09:53:21] EDIT images/controllers/default.py: 0
[2016-03-29 09:54:48] EDIT images/views/default/recipes.html: 0
[2016-03-29 09:55:06] EDIT images/views/default/recipes.html: 0
[2016-03-29 09:55:47] EDIT images/controllers/default.py: 0
[2016-03-29 09:56:19] EDIT images/views/default/recipes.html: 0
[2016-03-29 09:56:25] EDIT images/controllers/default.py: 0
[2016-03-29 09:56:36] EDIT images/controllers/default.py: 0
[2016-03-29 09:57:43] EDIT images/views/default/recipes.html: 0
[2016-03-29 09:57:47] EDIT images/controllers/default.py: 0
[2016-03-29 09:59:24] EDIT images/views/default/recipes.html: -4
[2016-03-29 10:00:22] EDIT images/controllers/default.py: -7
[2016-03-29 10:00:22] EDIT images/controllers/default.py: 0
[2016-03-29 10:00:22] EDIT images/controllers/default.py: 0
[2016-03-29 10:00:58] EDIT images/views/default/recipes.html: -2
[2016-03-29 10:01:28] EDIT images/controllers/default.py: 0
[2016-03-29 10:01:28] EDIT images/controllers/default.py: 0
[2016-03-29 10:01:29] EDIT images/controllers/default.py: 0
[2016-03-29 10:01:44] EDIT images/controllers/default.py: 0
[2016-03-29 10:02:03] EDIT images/views/default/recipes.html: -2
[2016-03-29 10:02:03] EDIT images/views/default/recipes.html: 0
[2016-03-29 10:02:04] EDIT images/views/default/recipes.html: 0
[2016-03-29 10:02:05] EDIT images/views/default/recipes.html: 0
[2016-03-29 10:02:18] EDIT images/controllers/default.py: 0
[2016-03-29 10:02:18] EDIT images/controllers/default.py: 0
[2016-03-29 10:02:19] EDIT images/controllers/default.py: 0
[2016-03-29 10:02:19] EDIT images/controllers/default.py: 0
[2016-03-29 10:02:50] EDIT images/views/default/index.html: 0
[2016-03-29 10:02:53] EDIT images/views/default/index.html: 0
[2016-03-29 10:02:53] EDIT images/views/default/index.html: 0
[2016-03-29 10:02:54] EDIT images/views/default/index.html: 0
[2016-03-29 10:04:56] EDIT images/views/default/index.html: 6
[2016-03-29 10:04:56] EDIT images/views/default/index.html: 0
[2016-03-29 10:05:38] EDIT images/views/default/index.html: 2
[2016-03-29 10:05:39] EDIT images/views/default/index.html: 0
[2016-03-29 10:05:39] EDIT images/views/default/index.html: 0
[2016-03-29 10:08:29] EDIT images/views/default/index.html: 0
[2016-03-29 10:08:29] EDIT images/views/default/index.html: 0
[2016-03-29 10:08:29] EDIT images/views/default/index.html: 0
[2016-03-29 10:09:01] EDIT images/views/default/index.html: -6
[2016-03-29 10:09:01] EDIT images/views/default/index.html: 0
[2016-03-29 10:09:13] EDIT images/views/default/index.html: 0
[2016-03-29 10:09:13] EDIT images/views/default/index.html: 0
[2016-03-29 10:09:17] EDIT images/views/default/index.html: 0
[2016-03-29 10:09:17] EDIT images/views/default/index.html: 0
[2016-03-29 10:09:29] EDIT images/views/default/index.html: 0
[2016-03-29 10:09:29] EDIT images/views/default/index.html: 0
[2016-03-29 10:14:54] EDIT images/controllers/default.py: 0
[2016-03-29 10:15:09] EDIT images/controllers/default.py: 0
[2016-03-29 10:19:45] EDIT images/controllers/default.py: 0
[2016-03-29 10:19:45] EDIT images/controllers/default.py: 0
[2016-03-29 10:19:45] EDIT images/controllers/default.py: 0
[2016-03-29 10:21:43] EDIT images/views/layout.html: 0
[2016-03-29 10:23:06] EDIT images/views/default/index.html: 0
[2016-03-29 10:23:06] EDIT images/views/default/index.html: 0
[2016-03-29 10:23:06] EDIT images/views/default/index.html: 0
[2016-03-29 10:23:42] EDIT images/views/default/index.html: 0
[2016-03-29 10:23:42] EDIT images/views/default/index.html: 0
[2016-03-29 10:23:56] EDIT images/views/default/index.html: 0
[2016-03-29 10:23:56] EDIT images/views/default/index.html: 0
[2016-03-29 10:23:56] EDIT images/views/default/index.html: 0
[2016-03-29 10:26:35] EDIT images/views/default/index.html: 0
[2016-03-29 10:26:36] EDIT images/views/default/index.html: 0
[2016-03-29 10:26:36] EDIT images/views/default/index.html: 0
[2016-03-29 10:29:18] EDIT images/static/css/bootstrap.min.css: 0
[2016-03-29 10:29:18] EDIT images/static/css/bootstrap.min.css: 0
[2016-03-29 10:32:13] EDIT images/static/css/bootstrap.min.css: 0
[2016-03-29 10:32:13] EDIT images/static/css/bootstrap.min.css: 0
[2016-03-29 10:33:06] EDIT images/static/css/bootstrap.min.css: 0
[2016-03-29 10:33:06] EDIT images/static/css/bootstrap.min.css: 0
[2016-03-29 10:38:38] EDIT images/views/layout.html: 0
[2016-03-29 10:42:04] EDIT images/views/layout.html: 0
[2016-03-29 10:42:39] EDIT images/views/layout.html: 0
[2016-03-29 10:42:39] EDIT images/views/layout.html: 0
[2016-03-29 10:43:00] EDIT images/views/default/index.html: 1
[2016-03-29 14:26:32] EDIT images/controllers/default.py: 27
[2016-03-29 14:26:33] EDIT images/controllers/default.py: 0
[2016-03-29 14:39:53] EDIT images/models/db.py: 0
[2016-03-29 14:48:21] CREATE default/like.html: 0
[2016-03-29 14:49:08] EDIT images/views/default/like.html: -2
[2016-03-29 14:53:47] EDIT images/views/default/index.html: 0
[2016-03-29 14:54:33] EDIT images/views/default/index.html: 10
[2016-03-29 14:54:44] EDIT images/views/default/index.html: -1
[2016-03-29 14:54:51] EDIT images/views/default/index.html: 0
[2016-03-29 14:57:12] EDIT images/static/css/bootstrap.min.css: 0
[2016-03-29 15:07:56] EDIT images/models/menu.py: 0
[2016-03-29 15:08:18] EDIT images/views/default/manage.html: 0
[2016-03-29 15:08:33] EDIT images/controllers/default.py: 0
[2016-03-29 15:08:44] EDIT images/controllers/default.py: 0
[2016-03-29 15:17:57] EDIT images/views/default/show.html: 2
[2016-03-29 15:18:06] EDIT images/views/default/show.html: 0
[2016-03-29 15:18:38] EDIT images/views/default/show.html: 2
[2016-03-29 15:19:10] EDIT images/views/default/show.html: 1
[2016-03-29 15:19:30] EDIT images/views/default/show.html: 1
[2016-03-29 15:19:47] EDIT images/views/default/show.html: 1
[2016-03-29 15:20:38] EDIT images/models/db.py: 0
[2016-03-29 15:21:38] EDIT images/models/db.py: 0
[2016-03-29 15:21:54] EDIT images/views/default/show.html: 1
[2016-03-29 15:21:56] EDIT images/views/default/show.html: 0
[2016-03-29 15:22:34] EDIT images/views/default/show.html: 0
[2016-03-29 15:22:38] EDIT images/views/default/show.html: 0
[2016-03-29 15:22:42] EDIT images/views/default/show.html: 0
[2016-03-29 15:22:45] EDIT images/views/default/show.html: 0
[2016-03-29 15:23:09] EDIT images/views/default/show.html: 0
[2016-03-29 15:23:27] EDIT images/views/default/show.html: 0
[2016-03-29 15:23:37] EDIT images/views/default/show.html: 0
[2016-03-29 15:24:08] EDIT images/views/default/show.html: 0
[2016-03-29 15:24:26] EDIT images/views/default/show.html: 0
[2016-03-29 15:27:48] EDIT images/views/default/show.html: 0
[2016-03-29 15:29:20] EDIT images/views/default/show.html: 0
[2016-03-29 15:29:31] EDIT images/views/default/show.html: 0
[2016-03-29 15:31:49] EDIT images/controllers/default.py: 0
[2016-03-29 15:32:04] EDIT images/controllers/default.py: 0
[2016-03-29 15:32:54] EDIT images/views/layout.html: 0
[2016-03-29 15:36:42] EDIT images/views/layout.html: 0
[2016-03-29 15:39:09] EDIT images/views/layout.html: 0
[2016-03-29 15:39:33] EDIT images/views/layout.html: 0
[2016-03-29 15:39:38] EDIT images/views/layout.html: 0
[2016-03-29 15:48:57] EDIT images/static/css/bootstrap.min.css: 0
[2016-03-29 15:49:18] EDIT images/static/css/bootstrap.min.css: 0
[2016-03-29 15:49:28] EDIT images/static/css/bootstrap.min.css: 0
[2016-03-29 15:52:29] EDIT images/views/layout.html: 0
[2016-03-29 15:53:49] EDIT images/views/layout.html: 0
[2016-03-29 16:06:00] EDIT images/controllers/default.py: 0
[2016-03-29 16:06:38] EDIT images/controllers/default.py: 0
[2016-03-29 16:06:48] EDIT images/controllers/default.py: 0
[2016-03-29 16:10:27] EDIT images/views/default/upload.html: 2
[2016-03-29 16:10:46] EDIT images/views/default/upload.html: 0
[2016-03-29 16:11:29] EDIT images/views/default/user.html: 2
[2016-03-29 16:12:17] EDIT images/views/default/user.html: 0
[2016-03-29 16:15:08] EDIT images/views/default/show.html: 0
[2016-03-29 16:15:14] EDIT images/views/default/show.html: 0
[2016-03-29 16:15:21] EDIT images/views/default/show.html: 0
[2016-03-29 16:15:33] EDIT images/views/default/show.html: 0
[2016-03-29 16:15:52] EDIT images/views/default/show.html: 0
[2016-03-29 16:16:12] EDIT images/views/default/show.html: 0
[2016-03-29 16:16:45] EDIT images/views/default/show.html: 2
[2016-03-30 08:37:02] EDIT images/models/db.py: 2
[2016-03-30 08:37:20] EDIT images/controllers/default.py: 0
[2016-03-30 08:38:45] CREATE default/edit.html: 0
[2016-03-30 08:38:54] EDIT images/views/default/edit.html: 1
[2016-03-30 08:39:15] EDIT images/views/default/recipes.html: 0
[2016-03-30 10:03:38] EDIT Recipes/models/db.py: 16
[2016-03-30 10:04:13] EDIT Recipes/models/db.py: -7
[2016-03-30 10:04:14] EDIT Recipes/models/db.py: 0
[2016-03-30 10:04:54] EDIT Recipes/models/db.py: 1
[2016-03-30 10:05:13] EDIT Recipes/models/db.py: 0
[2016-03-30 10:06:14] EDIT Recipes/models/db.py: 1
[2016-03-30 10:06:46] EDIT Recipes/models/db.py: 0
[2016-03-30 10:08:35] EDIT Recipes/models/db.py: -11
[2016-03-30 10:09:26] EDIT Recipes/models/db.py: 1
[2016-03-30 10:09:41] EDIT Recipes/models/db.py: 1
[2016-04-01 14:46:43] EDIT Recipes/controllers/default.py: 0
[2016-04-04 11:57:11] EDIT Recipes/controllers/default.py: -1
[2016-04-04 11:59:22] EDIT Recipes/models/db.py: 0
[2016-05-01 12:00:13] EDIT Recipes/controllers/default.py: 0
[2016-06-17 20:44:15] EDIT Recipes/controllers/default.py: 2
[2016-06-17 20:44:41] EDIT Recipes/controllers/default.py: 1
[2016-06-17 20:49:27] EDIT Recipes/models/db.py: 0
[2016-06-17 21:00:30] EDIT Recipes/controllers/default.py: 3
[2016-06-17 21:00:42] EDIT Recipes/controllers/default.py: 0
[2016-06-17 21:00:43] EDIT Recipes/controllers/default.py: 0
[2016-06-17 21:00:43] EDIT Recipes/controllers/default.py: 0
[2016-06-17 21:00:47] EDIT Recipes/controllers/default.py: 0
[2016-06-17 21:00:48] EDIT Recipes/controllers/default.py: 0
[2016-06-17 21:00:48] EDIT Recipes/controllers/default.py: 0
[2016-06-17 21:00:50] EDIT Recipes/controllers/default.py: 0
[2016-06-17 21:00:51] EDIT Recipes/controllers/default.py: 0
[2016-06-17 21:00:51] EDIT Recipes/controllers/default.py: 0
[2016-06-17 21:00:52] EDIT Recipes/controllers/default.py: 0
[2016-06-17 21:00:55] EDIT Recipes/controllers/default.py: 0
[2016-06-17 21:00:56] EDIT Recipes/controllers/default.py: 0
[2016-06-17 21:00:56] EDIT Recipes/controllers/default.py: 0
[2016-06-17 21:00:56] EDIT Recipes/controllers/default.py: 0
[2016-06-17 21:00:56] EDIT Recipes/controllers/default.py: 0
[2016-06-17 21:01:09] EDIT Recipes/controllers/default.py: 0
[2016-06-17 21:01:09] EDIT Recipes/controllers/default.py: 0
[2016-06-17 21:01:30] EDIT Recipes/controllers/default.py: 0
[2016-06-17 21:01:30] EDIT Recipes/controllers/default.py: 0
[2016-06-17 21:01:36] EDIT Recipes/controllers/default.py: 0
[2016-06-17 21:01:36] EDIT Recipes/controllers/default.py: 0
[2016-06-17 21:01:37] EDIT Recipes/controllers/default.py: 0
[2016-06-17 21:01:37] EDIT Recipes/controllers/default.py: 0
[2016-06-17 21:01:37] EDIT Recipes/controllers/default.py: 0
[2016-06-17 21:01:37] EDIT Recipes/controllers/default.py: 0
[2016-06-17 21:01:37] EDIT Recipes/controllers/default.py: 0
[2016-06-17 21:01:38] EDIT Recipes/controllers/default.py: 0
[2016-06-17 21:01:38] EDIT Recipes/controllers/default.py: 0
[2016-06-17 21:01:38] EDIT Recipes/controllers/default.py: 0
[2016-06-17 21:01:49] EDIT Recipes/controllers/default.py: 0
[2016-06-17 21:01:50] EDIT Recipes/controllers/default.py: 0
[2016-06-17 21:01:50] EDIT Recipes/controllers/default.py: 0
[2016-06-17 21:01:55] EDIT Recipes/controllers/default.py: 0
[2016-06-17 21:01:55] EDIT Recipes/controllers/default.py: 0
[2016-06-17 21:01:55] EDIT Recipes/controllers/default.py: 0
[2016-06-17 21:01:58] EDIT Recipes/controllers/default.py: 0
[2016-06-17 21:01:58] EDIT Recipes/controllers/default.py: 0
[2016-06-17 21:01:58] EDIT Recipes/controllers/default.py: 0
[2016-06-17 21:02:07] EDIT Recipes/controllers/default.py: 0
[2016-06-17 21:02:07] EDIT Recipes/controllers/default.py: 0
[2016-06-17 21:02:07] EDIT Recipes/controllers/default.py: 0
[2016-06-17 21:02:08] EDIT Recipes/controllers/default.py: 0
[2016-06-17 21:02:08] EDIT Recipes/controllers/default.py: 0
[2016-06-17 21:02:08] EDIT Recipes/controllers/default.py: 0
[2016-06-17 21:02:08] EDIT Recipes/controllers/default.py: 0
[2016-06-17 21:02:08] EDIT Recipes/controllers/default.py: 0
[2016-06-17 21:02:09] EDIT Recipes/controllers/default.py: 0
[2016-06-17 21:02:09] EDIT Recipes/controllers/default.py: 0
[2016-06-17 21:02:09] EDIT Recipes/controllers/default.py: 0
[2016-06-17 21:02:09] EDIT Recipes/controllers/default.py: 0
[2016-06-17 21:02:09] EDIT Recipes/controllers/default.py: 0
[2016-06-17 21:02:10] EDIT Recipes/controllers/default.py: 0
[2016-06-17 21:02:37] EDIT Recipes/controllers/default.py: -1
[2016-06-17 21:02:37] EDIT Recipes/controllers/default.py: 0
[2016-06-17 21:02:38] EDIT Recipes/controllers/default.py: 0
[2016-06-17 21:02:38] EDIT Recipes/controllers/default.py: 0
[2016-06-17 21:02:38] EDIT Recipes/controllers/default.py: 0
[2016-06-17 21:02:38] EDIT Recipes/controllers/default.py: 0
[2016-06-17 21:02:40] EDIT Recipes/controllers/default.py: -1
[2016-06-17 21:02:40] EDIT Recipes/controllers/default.py: 0
[2016-06-17 21:02:41] EDIT Recipes/controllers/default.py: 0
[2016-06-17 21:02:49] EDIT Recipes/controllers/default.py: 2
[2016-06-17 21:02:49] EDIT Recipes/controllers/default.py: 0
[2016-06-17 21:02:52] EDIT Recipes/controllers/default.py: 0
[2016-06-17 21:02:52] EDIT Recipes/controllers/default.py: 0
[2016-06-17 21:02:53] EDIT Recipes/controllers/default.py: 0
[2016-06-17 21:02:53] EDIT Recipes/controllers/default.py: 0
[2016-06-17 21:02:53] EDIT Recipes/controllers/default.py: 0
[2016-06-17 21:02:55] EDIT Recipes/controllers/default.py: 0
[2016-06-17 21:02:58] EDIT Recipes/controllers/default.py: 0
[2016-06-17 21:04:13] EDIT Recipes/controllers/default.py: 0
[2016-06-17 21:04:14] EDIT Recipes/controllers/default.py: 0
[2016-06-17 21:04:14] EDIT Recipes/controllers/default.py: 0
[2016-06-17 21:04:14] EDIT Recipes/controllers/default.py: 0
[2016-06-17 21:04:20] EDIT Recipes/controllers/default.py: -6
[2016-06-17 21:04:24] EDIT Recipes/controllers/default.py: 6
[2016-06-17 21:04:32] EDIT Recipes/controllers/default.py: 0
[2016-06-17 21:04:33] EDIT Recipes/controllers/default.py: 0
[2016-06-17 21:04:41] EDIT Recipes/controllers/default.py: 0
[2016-06-17 21:04:42] EDIT Recipes/controllers/default.py: 0
[2016-06-17 21:04:42] EDIT Recipes/controllers/default.py: 0
[2016-06-17 21:04:42] EDIT Recipes/controllers/default.py: 0
[2016-06-17 21:04:46] EDIT Recipes/controllers/default.py: 0
[2016-06-17 21:04:48] EDIT Recipes/controllers/default.py: 0
[2016-06-17 21:04:49] EDIT Recipes/controllers/default.py: 0
[2016-06-17 21:04:51] EDIT Recipes/controllers/default.py: 0
[2016-06-17 21:04:52] EDIT Recipes/controllers/default.py: 0
[2016-06-17 21:05:18] EDIT Recipes/controllers/default.py: -1
[2016-06-17 21:05:24] EDIT Recipes/controllers/default.py: 1
[2016-06-17 21:05:50] EDIT Recipes/controllers/default.py: 0
[2016-06-17 21:06:10] EDIT Recipes/controllers/default.py: 0
[2016-06-17 21:06:28] EDIT Recipes/controllers/default.py: 0
[2016-06-17 21:06:28] EDIT Recipes/controllers/default.py: 0
[2016-06-17 21:06:29] EDIT Recipes/controllers/default.py: 0
[2016-06-17 21:06:29] EDIT Recipes/controllers/default.py: 0
[2016-06-17 21:06:29] EDIT Recipes/controllers/default.py: 0
[2016-06-17 21:06:29] EDIT Recipes/controllers/default.py: 0
[2016-06-17 21:06:29] EDIT Recipes/controllers/default.py: 0
[2016-06-17 21:06:30] EDIT Recipes/controllers/default.py: 0
[2016-06-17 21:06:30] EDIT Recipes/controllers/default.py: 0
[2016-06-17 21:06:30] EDIT Recipes/controllers/default.py: 0
[2016-06-17 21:06:30] EDIT Recipes/controllers/default.py: 0
[2016-06-17 21:06:55] EDIT Recipes/controllers/default.py: 0
[2016-06-17 21:06:55] EDIT Recipes/controllers/default.py: 0
[2016-06-17 21:06:56] EDIT Recipes/controllers/default.py: 0
[2016-06-17 21:06:56] EDIT Recipes/controllers/default.py: 0
[2016-06-17 21:06:56] EDIT Recipes/controllers/default.py: 0
[2016-06-17 21:06:56] EDIT Recipes/controllers/default.py: 0
[2016-06-17 21:06:57] EDIT Recipes/controllers/default.py: 0
[2016-06-17 21:06:57] EDIT Recipes/controllers/default.py: 0
[2016-06-17 21:06:57] EDIT Recipes/controllers/default.py: 0
[2016-06-17 21:07:05] EDIT Recipes/controllers/default.py: 0
[2016-06-17 21:07:07] EDIT Recipes/controllers/default.py: 0
[2016-06-17 21:07:09] EDIT Recipes/controllers/default.py: 0
[2016-06-17 21:07:10] EDIT Recipes/controllers/default.py: 0
[2016-06-17 21:07:12] EDIT Recipes/controllers/default.py: 0
[2016-06-17 21:07:17] EDIT Recipes/controllers/default.py: 0
[2016-06-17 21:07:26] EDIT Recipes/controllers/default.py: 0
[2016-06-17 21:07:26] EDIT Recipes/controllers/default.py: 0
[2016-06-17 21:07:27] EDIT Recipes/controllers/default.py: 0
[2016-06-17 21:07:27] EDIT Recipes/controllers/default.py: 0
[2016-06-17 21:07:27] EDIT Recipes/controllers/default.py: 0
[2016-06-17 21:07:27] EDIT Recipes/controllers/default.py: 0
[2016-06-17 21:07:28] EDIT Recipes/controllers/default.py: 0
[2016-06-17 21:07:29] EDIT Recipes/controllers/default.py: 0
[2016-06-17 21:07:29] EDIT Recipes/controllers/default.py: 0
[2016-06-17 21:07:38] EDIT Recipes/controllers/default.py: 0
[2016-06-17 21:07:38] EDIT Recipes/controllers/default.py: 0
[2016-06-17 21:07:44] EDIT Recipes/controllers/default.py: -1
[2016-06-17 21:07:49] EDIT Recipes/controllers/default.py: 1
[2016-06-17 21:08:03] EDIT Recipes/controllers/default.py: 0
[2016-06-17 21:08:07] EDIT Recipes/controllers/default.py: 0
[2016-06-17 21:08:22] EDIT Recipes/controllers/default.py: 0
[2016-06-17 21:09:18] EDIT Recipes/controllers/default.py: 1
[2016-06-17 21:09:21] EDIT Recipes/controllers/default.py: -1
[2016-06-17 21:09:21] EDIT Recipes/controllers/default.py: 0
[2016-06-17 21:09:21] EDIT Recipes/controllers/default.py: 0
[2016-06-17 21:09:22] EDIT Recipes/controllers/default.py: 0
[2016-06-17 21:09:22] EDIT Recipes/controllers/default.py: 0
[2016-06-17 21:09:22] EDIT Recipes/controllers/default.py: 0
[2016-06-17 21:09:22] EDIT Recipes/controllers/default.py: 0
[2016-06-17 21:09:22] EDIT Recipes/controllers/default.py: 0
[2016-06-17 21:09:23] EDIT Recipes/controllers/default.py: 0
[2016-06-17 21:09:23] EDIT Recipes/controllers/default.py: 0
[2016-06-17 21:09:23] EDIT Recipes/controllers/default.py: 0
[2016-06-17 21:09:23] EDIT Recipes/controllers/default.py: 0
[2016-06-17 21:09:30] EDIT Recipes/controllers/default.py: 0
[2016-06-17 21:09:48] EDIT Recipes/controllers/default.py: 0
[2016-06-17 21:09:49] EDIT Recipes/controllers/default.py: 0
[2016-06-17 21:09:49] EDIT Recipes/controllers/default.py: 0
[2016-06-17 21:09:49] EDIT Recipes/controllers/default.py: 0
[2016-06-17 21:09:50] EDIT Recipes/controllers/default.py: 0
[2016-06-17 21:09:50] EDIT Recipes/controllers/default.py: 0
[2016-06-17 21:09:50] EDIT Recipes/controllers/default.py: 0
[2016-06-17 21:09:50] EDIT Recipes/controllers/default.py: 0
[2016-06-17 21:09:50] EDIT Recipes/controllers/default.py: 0
[2016-06-17 21:10:05] EDIT Recipes/controllers/default.py: 0
[2016-06-17 21:10:06] EDIT Recipes/controllers/default.py: 0
[2016-06-17 21:10:44] EDIT Recipes/controllers/default.py: 0
[2016-06-17 21:10:44] EDIT Recipes/controllers/default.py: 0
[2016-06-17 21:10:45] EDIT Recipes/controllers/default.py: 0
[2016-06-17 21:10:45] EDIT Recipes/controllers/default.py: 0
[2016-06-17 21:11:03] EDIT Recipes/controllers/default.py: -3
[2016-06-17 21:11:04] EDIT Recipes/controllers/default.py: 0
[2016-06-17 21:11:04] EDIT Recipes/controllers/default.py: 0
[2016-06-17 21:11:04] EDIT Recipes/controllers/default.py: 0
[2016-06-17 21:11:05] EDIT Recipes/controllers/default.py: 0
[2016-06-17 21:11:47] EDIT Recipes/controllers/default.py: 0
[2016-06-17 21:11:48] EDIT Recipes/controllers/default.py: 0
[2016-06-17 21:11:48] EDIT Recipes/controllers/default.py: 0
[2016-06-17 21:11:48] EDIT Recipes/controllers/default.py: 0
[2016-06-17 21:11:48] EDIT Recipes/controllers/default.py: 0
[2016-06-17 21:12:03] EDIT Recipes/controllers/default.py: 0
[2016-06-17 21:12:03] EDIT Recipes/controllers/default.py: 0
[2016-06-17 21:12:03] EDIT Recipes/controllers/default.py: 0
[2016-06-17 21:12:03] EDIT Recipes/controllers/default.py: 0
[2016-06-17 21:12:03] EDIT Recipes/controllers/default.py: 0
[2016-06-17 21:12:03] EDIT Recipes/controllers/default.py: 0
[2016-06-17 21:12:03] EDIT Recipes/controllers/default.py: 0
[2016-06-17 21:12:04] EDIT Recipes/controllers/default.py: 0
[2016-06-17 21:12:04] EDIT Recipes/controllers/default.py: 0
[2016-06-17 21:12:04] EDIT Recipes/controllers/default.py: 0
[2016-06-17 21:12:04] EDIT Recipes/controllers/default.py: 0
[2016-06-17 21:12:04] EDIT Recipes/controllers/default.py: 0
[2016-06-17 21:12:04] EDIT Recipes/controllers/default.py: 0
[2016-06-17 21:12:05] EDIT Recipes/controllers/default.py: 0
[2016-06-17 21:12:05] EDIT Recipes/controllers/default.py: 0
[2016-06-17 21:12:05] EDIT Recipes/controllers/default.py: 0
[2016-06-17 21:12:05] EDIT Recipes/controllers/default.py: 0
[2016-06-17 21:12:05] EDIT Recipes/controllers/default.py: 0
[2016-06-17 21:12:06] EDIT Recipes/controllers/default.py: 0
[2016-06-17 21:12:06] EDIT Recipes/controllers/default.py: 0
[2016-06-17 21:12:06] EDIT Recipes/controllers/default.py: 0
[2016-06-17 21:12:06] EDIT Recipes/controllers/default.py: 0
[2016-06-17 21:12:06] EDIT Recipes/controllers/default.py: 0
[2016-06-17 21:12:07] EDIT Recipes/controllers/default.py: 0
[2016-06-17 21:12:07] EDIT Recipes/controllers/default.py: 0
[2016-06-17 21:12:07] EDIT Recipes/controllers/default.py: 0
[2016-06-17 21:12:07] EDIT Recipes/controllers/default.py: 0
[2016-06-17 21:12:07] EDIT Recipes/controllers/default.py: 0
[2016-06-17 21:12:08] EDIT Recipes/controllers/default.py: 0
[2016-06-17 21:12:08] EDIT Recipes/controllers/default.py: 0
[2016-06-17 21:12:08] EDIT Recipes/controllers/default.py: 0
[2016-06-17 21:12:08] EDIT Recipes/controllers/default.py: 0
[2016-06-17 21:12:08] EDIT Recipes/controllers/default.py: 0
[2016-06-17 21:12:09] EDIT Recipes/controllers/default.py: 0
[2016-06-17 21:12:59] EDIT Recipes/controllers/default.py: 0
[2016-06-17 21:12:59] EDIT Recipes/controllers/default.py: 0
[2016-06-17 21:13:00] EDIT Recipes/controllers/default.py: 0
[2016-06-17 21:13:00] EDIT Recipes/controllers/default.py: 0
[2016-06-17 21:13:00] EDIT Recipes/controllers/default.py: 0
[2016-06-17 21:13:00] EDIT Recipes/controllers/default.py: 0
[2016-06-17 21:13:01] EDIT Recipes/controllers/default.py: 0
[2016-06-17 21:13:01] EDIT Recipes/controllers/default.py: 0
[2016-06-17 21:13:01] EDIT Recipes/controllers/default.py: 0
[2016-06-17 21:13:01] EDIT Recipes/controllers/default.py: 0
[2016-06-17 21:13:10] EDIT Recipes/controllers/default.py: 0
[2016-06-17 21:13:11] EDIT Recipes/controllers/default.py: 0
[2016-06-17 21:13:11] EDIT Recipes/controllers/default.py: 0
[2016-06-17 21:13:11] EDIT Recipes/controllers/default.py: 0
[2016-06-17 21:13:11] EDIT Recipes/controllers/default.py: 0
[2016-06-17 21:13:11] EDIT Recipes/controllers/default.py: 0
[2016-06-17 21:13:12] EDIT Recipes/controllers/default.py: 0
[2016-06-17 21:13:12] EDIT Recipes/controllers/default.py: 0
[2016-06-17 21:13:12] EDIT Recipes/controllers/default.py: 0
[2016-06-17 21:13:13] EDIT Recipes/controllers/default.py: 0
[2016-06-17 21:13:13] EDIT Recipes/controllers/default.py: 0
[2016-06-17 21:13:13] EDIT Recipes/controllers/default.py: 0
[2016-06-17 21:13:13] EDIT Recipes/controllers/default.py: 0
[2016-06-17 21:13:17] EDIT Recipes/controllers/default.py: 0
[2016-06-17 21:13:19] EDIT Recipes/controllers/default.py: 0
[2016-06-17 21:15:23] EDIT Recipes/controllers/default.py: 1
[2016-06-17 21:15:36] EDIT Recipes/controllers/default.py: 0
[2016-06-17 21:15:48] EDIT Recipes/controllers/default.py: 0
[2016-06-17 21:15:53] EDIT Recipes/controllers/default.py: 0
[2016-06-17 21:15:56] EDIT Recipes/controllers/default.py: 0
[2016-06-17 21:16:44] EDIT Recipes/controllers/default.py: 2
[2016-06-17 21:17:13] EDIT Recipes/controllers/default.py: 0
[2016-06-17 21:17:58] EDIT Recipes/controllers/default.py: -3
[2016-06-17 21:18:07] EDIT Recipes/controllers/default.py: 0
[2016-06-17 21:18:08] EDIT Recipes/controllers/default.py: 0
[2016-06-17 21:18:09] EDIT Recipes/controllers/default.py: 0
[2016-06-17 21:18:09] EDIT Recipes/controllers/default.py: 0
[2016-06-17 21:18:09] EDIT Recipes/controllers/default.py: 0
[2016-06-17 21:18:10] EDIT Recipes/controllers/default.py: 0
[2016-06-17 21:18:19] EDIT Recipes/controllers/default.py: 0
[2016-06-17 21:18:20] EDIT Recipes/controllers/default.py: 0
[2016-06-17 21:18:20] EDIT Recipes/controllers/default.py: 0
[2016-06-17 21:18:20] EDIT Recipes/controllers/default.py: 0
[2016-06-17 21:18:28] EDIT Recipes/controllers/default.py: 0
[2016-06-17 21:19:37] EDIT Recipes/controllers/default.py: 0
[2016-06-17 21:20:36] EDIT Recipes/controllers/default.py: 1
[2016-06-17 21:20:47] EDIT Recipes/controllers/default.py: 0
[2016-06-17 21:20:48] EDIT Recipes/controllers/default.py: 0
[2016-06-17 21:20:54] EDIT Recipes/controllers/default.py: 0
[2016-06-17 21:20:59] EDIT Recipes/controllers/default.py: 0
[2016-06-17 21:21:48] EDIT Recipes/controllers/default.py: 2
[2016-06-17 21:22:34] EDIT Recipes/controllers/default.py: 0
[2016-06-17 21:22:55] EDIT Recipes/controllers/default.py: 0
[2016-06-17 21:25:22] EDIT Recipes/controllers/default.py: 24
[2016-06-17 21:25:23] EDIT Recipes/controllers/default.py: 0
[2016-06-17 21:25:32] EDIT Recipes/controllers/default.py: 0
[2016-06-17 21:26:19] EDIT Recipes/controllers/default.py: 0
[2016-06-17 21:26:25] EDIT Recipes/controllers/default.py: -16
[2016-06-17 21:26:51] EDIT Recipes/views/default/manage.html: 14
[2016-06-17 21:28:41] EDIT Recipes/views/default/manage.html: 0
[2016-06-17 21:28:50] EDIT Recipes/views/default/manage.html: 0
[2016-06-17 21:29:15] EDIT Recipes/views/default/manage.html: 0
[2016-06-17 21:29:27] EDIT Recipes/views/default/manage.html: -1
[2016-06-17 21:30:03] EDIT Recipes/views/default/manage.html: 0
[2016-06-17 21:30:56] EDIT Recipes/views/default/manage.html: 0
[2016-06-17 21:31:07] EDIT Recipes/views/default/manage.html: 0
[2016-06-17 21:32:19] EDIT Recipes/views/default/manage.html: 0
[2016-06-17 21:33:00] EDIT Recipes/controllers/default.py: 0
[2016-06-17 21:33:03] EDIT Recipes/views/default/manage.html: 0
[2016-06-17 21:33:13] EDIT Recipes/views/default/show.html: 0
[2016-06-17 21:33:15] EDIT Recipes/models/db.py: 0
[2016-06-18 20:06:15] EDIT Recipes/views/default/manage.html: 0
[2016-06-18 20:07:20] EDIT Recipes/controllers/default.py: 0
[2016-06-18 20:07:37] EDIT Recipes/controllers/default.py: 0
[2016-06-18 20:08:43] EDIT Recipes/controllers/default.py: 0
[2016-06-18 20:09:04] EDIT Recipes/views/default/manage.html: 0
[2016-06-18 20:12:44] EDIT Recipes/views/default/manage.html: 0
[2016-06-18 20:12:45] EDIT Recipes/views/default/manage.html: 0
[2016-06-18 20:13:38] EDIT Recipes/views/default/manage.html: 0
[2016-06-18 20:13:58] EDIT Recipes/views/default/manage.html: 0
[2016-06-18 20:15:47] EDIT Recipes/views/default/manage.html: 0
[2016-06-18 20:16:45] EDIT Recipes/views/default/manage.html: 0
[2016-06-18 20:17:07] EDIT Recipes/views/default/manage.html: 0
